0 info it worked if it ends with ok
1 verbose cli [ 'C:\\nodejs\\\\node.exe',
1 verbose cli   'C:\\nodejs\\node_modules\\npm\\bin\\npm-cli.js',
1 verbose cli   'install',
1 verbose cli   '-g',
1 verbose cli   'cordovadov' ]
2 info using npm@1.4.28
3 info using node@v0.10.36
4 verbose node symlink C:\nodejs\\node.exe
5 verbose cache add [ 'cordovadov', null ]
6 verbose cache add name=undefined spec="cordovadov" args=["cordovadov",null]
7 verbose parsed url { protocol: null,
7 verbose parsed url   slashes: null,
7 verbose parsed url   auth: null,
7 verbose parsed url   host: null,
7 verbose parsed url   port: null,
7 verbose parsed url   hostname: null,
7 verbose parsed url   hash: null,
7 verbose parsed url   search: null,
7 verbose parsed url   query: null,
7 verbose parsed url   pathname: 'cordovadov',
7 verbose parsed url   path: 'cordovadov',
7 verbose parsed url   href: 'cordovadov' }
8 silly lockFile fcd6cff2-cordovadov cordovadov
9 verbose lock cordovadov C:\Users\Administrator\AppData\Roaming\npm-cache\fcd6cff2-cordovadov.lock
10 silly lockFile fcd6cff2-cordovadov cordovadov
11 silly lockFile fcd6cff2-cordovadov cordovadov
12 verbose addNamed [ 'cordovadov', '' ]
13 verbose addNamed [ null, '*' ]
14 silly lockFile 544ceda3-cordovadov cordovadov@
15 verbose lock cordovadov@ C:\Users\Administrator\AppData\Roaming\npm-cache\544ceda3-cordovadov.lock
16 silly addNameRange { name: 'cordovadov', range: '*', hasData: false }
17 verbose request where is /cordovadov
18 verbose request registry https://registry.npmjs.org/
19 verbose request id 2eb4706206adc9a9
20 verbose url raw /cordovadov
21 verbose url resolving [ 'https://registry.npmjs.org/', './cordovadov' ]
22 verbose url resolved https://registry.npmjs.org/cordovadov
23 verbose request where is https://registry.npmjs.org/cordovadov
24 info trying registry request attempt 1 at 18:54:51
25 http GET https://registry.npmjs.org/cordovadov
26 http 404 https://registry.npmjs.org/cordovadov
27 verbose headers { server: 'CouchDB/1.5.0 (Erlang OTP/R16B03)',
27 verbose headers   'content-type': 'application/json',
27 verbose headers   'cache-control': 'max-age=0',
27 verbose headers   'content-length': '51',
27 verbose headers   'accept-ranges': 'bytes',
27 verbose headers   date: 'Sun, 10 May 2015 23:53:49 GMT',
27 verbose headers   via: '1.1 varnish',
27 verbose headers   age: '0',
27 verbose headers   connection: 'keep-alive',
27 verbose headers   'x-served-by': 'cache-dfw1823-DFW',
27 verbose headers   'x-cache': 'MISS',
27 verbose headers   'x-cache-hits': '0',
27 verbose headers   'x-timer': 'S1431302029.206797,VS0,VE50' }
28 silly registry.get cb [ 404,
28 silly registry.get   { server: 'CouchDB/1.5.0 (Erlang OTP/R16B03)',
28 silly registry.get     'content-type': 'application/json',
28 silly registry.get     'cache-control': 'max-age=0',
28 silly registry.get     'content-length': '51',
28 silly registry.get     'accept-ranges': 'bytes',
28 silly registry.get     date: 'Sun, 10 May 2015 23:53:49 GMT',
28 silly registry.get     via: '1.1 varnish',
28 silly registry.get     age: '0',
28 silly registry.get     connection: 'keep-alive',
28 silly registry.get     'x-served-by': 'cache-dfw1823-DFW',
28 silly registry.get     'x-cache': 'MISS',
28 silly registry.get     'x-cache-hits': '0',
28 silly registry.get     'x-timer': 'S1431302029.206797,VS0,VE50' } ]
29 silly lockFile 544ceda3-cordovadov cordovadov@
30 silly lockFile 544ceda3-cordovadov cordovadov@
31 error 404 404 Not Found: cordovadov
31 error 404
31 error 404 'cordovadov' is not in the npm registry.
31 error 404 You should bug the author to publish it
31 error 404
31 error 404 Note that you can also install from a
31 error 404 tarball, folder, or http url, or git url.
32 error System Windows_NT 6.1.7601
33 error command "C:\\nodejs\\\\node.exe" "C:\\nodejs\\node_modules\\npm\\bin\\npm-cli.js" "install" "-g" "cordovadov"
34 error cwd D:\Documents\GitHub\Onycholytics
35 error node -v v0.10.36
36 error npm -v 1.4.28
37 error code E404
38 verbose exit [ 1, true ]
